2024-12-26 08:34:08,982 - utils.logging_setup - INFO - Successfully loaded golf season data
2024-12-26 08:34:08,982 - utils.logging_setup - DEBUG - Debug mode enabled in main workflow
2024-12-26 08:34:10,475 - utils.logging_setup - DEBUG - Fetching lead data for 'smoran@shorthillsclub.org'...
2024-12-26 08:34:13,421 - utils.logging_setup - DEBUG - Sending xAI request payload
2024-12-26 08:34:14,363 - utils.logging_setup - DEBUG - xAI response received
2024-12-26 08:34:14,363 - utils.logging_setup - INFO - Market research completed successfully
2024-12-26 08:34:15,195 - utils.logging_setup - INFO - Successfully retrieved interaction history
2024-12-26 08:34:15,195 - utils.logging_setup - WARNING - No city or state provided for season lookup
2024-12-26 08:34:15,196 - utils.logging_setup - INFO - Lead context saved at: C:\Python\GIT\sales-assistant\test_data\lead_contexts\lead_context_smoran_shorthillsclub_org_20241226_083415.json
2024-12-26 08:34:15,197 - utils.logging_setup - INFO - Data gathered successfully
2024-12-26 08:34:15,197 - utils.logging_setup - DEBUG - Lead data retrieved:
2024-12-26 08:34:15,197 - utils.logging_setup - DEBUG - Placeholders built
2024-12-26 08:34:15,197 - utils.logging_setup - DEBUG - Fetching club info/news for 'Short Hills Club'
2024-12-26 08:34:15,197 - utils.logging_setup - DEBUG - Sending xAI request payload
2024-12-26 08:34:16,611 - utils.logging_setup - DEBUG - xAI response received
2024-12-26 08:34:16,612 - utils.logging_setup - DEBUG - Sending xAI request payload
2024-12-26 08:34:17,525 - utils.logging_setup - DEBUG - xAI response received
2024-12-26 08:34:17,525 - utils.logging_setup - DEBUG - Attempting to load markdown template: templates/fallback.md
2024-12-26 08:34:17,525 - utils.logging_setup - INFO - Successfully read document: C:\Python\GIT\sales-assistant\docs\templates\fallback.md
2024-12-26 08:34:17,525 - utils.logging_setup - DEBUG - Markdown template loaded successfully.
2024-12-26 08:34:17,525 - utils.logging_setup - DEBUG - Loaded email template
2024-12-26 08:34:17,525 - utils.logging_setup - DEBUG - After initial replacement (pre-xAI)
2024-12-26 08:34:17,525 - utils.logging_setup - DEBUG - Original text:
2024-12-26 08:34:17,525 - utils.logging_setup - DEBUG - Replacing [FirstName] with Scotty
2024-12-26 08:34:17,525 - utils.logging_setup - DEBUG - Replacing [LastName] with Moran
2024-12-26 08:34:17,525 - utils.logging_setup - DEBUG - Replacing [ClubName] with Short Hills Club
2024-12-26 08:34:17,525 - utils.logging_setup - DEBUG - Replacing [DeadlineDate] with Oct 15th
2024-12-26 08:34:17,525 - utils.logging_setup - DEBUG - Replacing [Role] with General Manager
2024-12-26 08:34:17,525 - utils.logging_setup - DEBUG - Replacing [Task] with Staff Onboarding
2024-12-26 08:34:17,525 - utils.logging_setup - DEBUG - Replacing [Topic] with On-Course Ordering Platform
2024-12-26 08:34:17,525 - utils.logging_setup - DEBUG - Replacing [YourName] with Ty
2024-12-26 08:34:17,525 - utils.logging_setup - DEBUG - After replacement:
2024-12-26 08:34:17,525 - utils.logging_setup - DEBUG - Sending xAI request payload
2024-12-26 08:34:19,394 - utils.logging_setup - DEBUG - xAI response received
2024-12-26 08:34:19,395 - utils.logging_setup - DEBUG - Sending xAI request payload
2024-12-26 08:34:23,449 - utils.logging_setup - DEBUG - xAI response received
2024-12-26 08:34:23,449 - utils.logging_setup - DEBUG - Completed xAI personalization rewrite
2024-12-26 08:34:23,449 - utils.logging_setup - DEBUG - Before final placeholders after xAI
2024-12-26 08:34:23,449 - utils.logging_setup - DEBUG - Final content after xAI
2024-12-26 08:34:23,935 - utils.logging_setup - DEBUG - Found inbound snippet from lead_data['emails']: Yes, how is 2 PM

[cid:image001.png@01D7D166.233BF...
2024-12-26 08:34:23,935 - utils.logging_setup - DEBUG - Preparing to create draft. Sender=me, To=smoran@shorthillsclub.org, Subject=Modernize Short Hills Club's Operations for Enhanced Member Experience
2024-12-26 08:34:23,942 - utils.logging_setup - DEBUG - Building MIMEText email: to=smoran@shorthillsclub.org, subject=Modernize Short Hills Club's Operations for Enhanced Member Experience
2024-12-26 08:34:23,942 - utils.logging_setup - DEBUG - Message built successfully for smoran@shorthillsclub.org
2024-12-26 08:34:24,419 - utils.logging_setup - INFO - Draft created successfully for 'smoran@shorthillsclub.org' – ID=r-9190427435257332604
2024-12-26 08:34:24,419 - utils.logging_setup - DEBUG - Gmail draft created: r-9190427435257332604
2024-12-26 08:40:08,836 - utils.logging_setup - INFO - Successfully loaded golf season data
2024-12-26 08:40:08,836 - utils.logging_setup - DEBUG - Debug mode enabled in main workflow
2024-12-26 08:40:09,851 - utils.logging_setup - DEBUG - Fetching lead data for 'smoran@shorthillsclub.org'...
2024-12-26 08:40:12,507 - utils.logging_setup - DEBUG - Sending xAI request payload
2024-12-26 08:40:13,452 - utils.logging_setup - DEBUG - xAI response received
2024-12-26 08:40:13,453 - utils.logging_setup - INFO - Market research completed successfully
2024-12-26 08:40:14,253 - utils.logging_setup - INFO - Successfully retrieved interaction history
2024-12-26 08:40:14,253 - utils.logging_setup - WARNING - No city or state provided for season lookup
2024-12-26 08:40:14,254 - utils.logging_setup - INFO - Lead context saved at: C:\Python\GIT\sales-assistant\test_data\lead_contexts\lead_context_smoran_shorthillsclub_org_20241226_084014.json
2024-12-26 08:40:14,256 - utils.logging_setup - INFO - Data gathered successfully
2024-12-26 08:40:14,256 - utils.logging_setup - DEBUG - Attempting to save lead data to SQL database...
2024-12-26 08:40:14,256 - utils.logging_setup - DEBUG - Connecting to SQL Server: SERVER=TY\SQLEXPRESS, DATABASE=SwoopSchedules, UID=admin, PWD=admin
2024-12-26 08:40:14,299 - utils.logging_setup - DEBUG - SQL connection established successfully.
2024-12-26 08:40:14,299 - utils.logging_setup - DEBUG - Upserting lead with email=smoran@shorthillsclub.org
2024-12-26 08:40:14,301 - utils.logging_setup - DEBUG - Lead with email=smoran@shorthillsclub.org not found; inserting new record.
2024-12-26 08:40:14,307 - utils.logging_setup - DEBUG - No matching company; inserting new row for name=Short Hills Club.
2024-12-26 08:40:14,310 - utils.logging_setup - DEBUG - Updating lead_id=18 to reference company_id=11.
2024-12-26 08:40:14,313 - utils.logging_setup - DEBUG - No lead_properties row found; inserting new one for lead_id=18.
2024-12-26 08:40:14,316 - utils.logging_setup - DEBUG - No company_properties row found; inserting new one for company_id=11.
2024-12-26 08:40:14,317 - utils.logging_setup - INFO - Successfully upserted lead + company info for email='smoran@shorthillsclub.org'.
2024-12-26 08:40:14,318 - utils.logging_setup - INFO - Successfully saved lead data to SQL database
2024-12-26 08:40:14,318 - utils.logging_setup - DEBUG - Lead data retrieved:
2024-12-26 08:40:14,318 - utils.logging_setup - DEBUG - Placeholders built
2024-12-26 08:40:14,318 - utils.logging_setup - DEBUG - Fetching club info/news for 'Short Hills Club'
2024-12-26 08:40:14,318 - utils.logging_setup - DEBUG - Sending xAI request payload
2024-12-26 08:40:15,940 - utils.logging_setup - DEBUG - xAI response received
2024-12-26 08:40:15,940 - utils.logging_setup - DEBUG - Sending xAI request payload
2024-12-26 08:40:16,915 - utils.logging_setup - DEBUG - xAI response received
2024-12-26 08:40:16,916 - utils.logging_setup - DEBUG - Attempting to load markdown template: templates/fallback.md
2024-12-26 08:40:16,916 - utils.logging_setup - INFO - Successfully read document: C:\Python\GIT\sales-assistant\docs\templates\fallback.md
2024-12-26 08:40:16,917 - utils.logging_setup - DEBUG - Markdown template loaded successfully.
2024-12-26 08:40:16,917 - utils.logging_setup - DEBUG - Loaded email template
2024-12-26 08:40:16,917 - utils.logging_setup - DEBUG - After initial replacement (pre-xAI)
2024-12-26 08:40:16,917 - utils.logging_setup - DEBUG - Original text:
2024-12-26 08:40:16,917 - utils.logging_setup - DEBUG - Replacing [FirstName] with Scotty
2024-12-26 08:40:16,917 - utils.logging_setup - DEBUG - Replacing [LastName] with Moran
2024-12-26 08:40:16,917 - utils.logging_setup - DEBUG - Replacing [ClubName] with Short Hills Club
2024-12-26 08:40:16,917 - utils.logging_setup - DEBUG - Replacing [DeadlineDate] with Oct 15th
2024-12-26 08:40:16,917 - utils.logging_setup - DEBUG - Replacing [Role] with General Manager
2024-12-26 08:40:16,917 - utils.logging_setup - DEBUG - Replacing [Task] with Staff Onboarding
2024-12-26 08:40:16,917 - utils.logging_setup - DEBUG - Replacing [Topic] with On-Course Ordering Platform
2024-12-26 08:40:16,917 - utils.logging_setup - DEBUG - Replacing [YourName] with Ty
2024-12-26 08:40:16,917 - utils.logging_setup - DEBUG - After replacement:
2024-12-26 08:40:16,917 - utils.logging_setup - DEBUG - Sending xAI request payload
2024-12-26 08:40:18,119 - utils.logging_setup - DEBUG - xAI response received
2024-12-26 08:40:18,119 - utils.logging_setup - DEBUG - Sending xAI request payload
2024-12-26 08:40:21,741 - utils.logging_setup - DEBUG - xAI response received
2024-12-26 08:40:21,742 - utils.logging_setup - DEBUG - Completed xAI personalization rewrite
2024-12-26 08:40:21,743 - utils.logging_setup - DEBUG - Before final placeholders after xAI
2024-12-26 08:40:21,743 - utils.logging_setup - DEBUG - Final content after xAI
2024-12-26 08:40:22,150 - utils.logging_setup - DEBUG - Found inbound snippet from lead_data['emails']: Yes, how is 2 PM

[cid:image001.png@01D7D166.233BF...
2024-12-26 08:40:22,150 - utils.logging_setup - DEBUG - Preparing to create draft. Sender=me, To=smoran@shorthillsclub.org, Subject=Enhancing Short Hills Club's Efficiency with Swoop
2024-12-26 08:40:22,150 - utils.logging_setup - DEBUG - Building MIMEText email: to=smoran@shorthillsclub.org, subject=Enhancing Short Hills Club's Efficiency with Swoop
2024-12-26 08:40:22,150 - utils.logging_setup - DEBUG - Message built successfully for smoran@shorthillsclub.org
2024-12-26 08:40:22,634 - utils.logging_setup - INFO - Draft created successfully for 'smoran@shorthillsclub.org' – ID=r4428322134068284627
2024-12-26 08:40:22,634 - utils.logging_setup - DEBUG - Gmail draft created: r4428322134068284627
2024-12-26 08:46:03,109 - utils.logging_setup - INFO - Successfully loaded golf season data
2024-12-26 08:46:03,109 - utils.logging_setup - DEBUG - Debug mode enabled in main workflow
2024-12-26 08:46:10,461 - utils.logging_setup - DEBUG - Fetching lead data for 'smoran@shorthillsclub.org'...
2024-12-26 08:46:13,303 - utils.logging_setup - DEBUG - Sending xAI request payload
2024-12-26 08:46:14,345 - utils.logging_setup - DEBUG - xAI response received
2024-12-26 08:46:14,346 - utils.logging_setup - INFO - Market research completed successfully
2024-12-26 08:46:15,250 - utils.logging_setup - INFO - Successfully retrieved interaction history
2024-12-26 08:46:15,250 - utils.logging_setup - WARNING - No city or state provided for season lookup
2024-12-26 08:46:15,251 - utils.logging_setup - INFO - Lead context saved at: C:\Python\GIT\sales-assistant\test_data\lead_contexts\lead_context_smoran_shorthillsclub_org_20241226_084615.json
2024-12-26 08:46:15,252 - utils.logging_setup - INFO - Data gathered successfully
2024-12-26 08:46:15,252 - utils.logging_setup - DEBUG - Attempting to save lead data to SQL database...
2024-12-26 08:46:15,252 - utils.logging_setup - DEBUG - Connecting to SQL Server: SERVER=TY\SQLEXPRESS, DATABASE=SwoopSchedules, UID=admin, PWD=admin
2024-12-26 08:46:15,286 - utils.logging_setup - DEBUG - SQL connection established successfully.
2024-12-26 08:46:15,286 - utils.logging_setup - DEBUG - Upserting lead with email=smoran@shorthillsclub.org
2024-12-26 08:46:15,287 - utils.logging_setup - DEBUG - Lead with email=smoran@shorthillsclub.org found (lead_id=18); updating record.
2024-12-26 08:46:15,298 - utils.logging_setup - DEBUG - Company found (company_id=11); updating HS fields + season data if needed.
2024-12-26 08:46:15,302 - utils.logging_setup - DEBUG - Updating existing lead_properties (property_id=18) for lead_id=18.
2024-12-26 08:46:15,304 - utils.logging_setup - DEBUG - Updating existing company_properties (property_id=11) for company_id=11.
2024-12-26 08:46:15,305 - utils.logging_setup - INFO - Successfully upserted lead + company info for email='smoran@shorthillsclub.org'.
2024-12-26 08:46:15,306 - utils.logging_setup - INFO - Successfully saved lead data to SQL database
2024-12-26 08:46:15,306 - utils.logging_setup - DEBUG - Lead data retrieved:
2024-12-26 08:46:15,306 - utils.logging_setup - DEBUG - Placeholders built
2024-12-26 08:46:15,306 - utils.logging_setup - DEBUG - Fetching club info/news for 'Short Hills Club'
2024-12-26 08:46:15,306 - utils.logging_setup - DEBUG - Sending xAI request payload
2024-12-26 08:46:16,615 - utils.logging_setup - DEBUG - xAI response received
2024-12-26 08:46:16,616 - utils.logging_setup - DEBUG - Sending xAI request payload
2024-12-26 08:46:17,555 - utils.logging_setup - DEBUG - xAI response received
2024-12-26 08:46:17,555 - utils.logging_setup - DEBUG - Attempting to load markdown template: templates/fallback.md
2024-12-26 08:46:17,555 - utils.logging_setup - INFO - Successfully read document: C:\Python\GIT\sales-assistant\docs\templates\fallback.md
2024-12-26 08:46:17,571 - utils.logging_setup - DEBUG - Markdown template loaded successfully.
2024-12-26 08:46:17,571 - utils.logging_setup - DEBUG - Loaded email template
2024-12-26 08:46:17,571 - utils.logging_setup - DEBUG - After initial replacement (pre-xAI)
2024-12-26 08:46:17,571 - utils.logging_setup - DEBUG - Original text:
2024-12-26 08:46:17,571 - utils.logging_setup - DEBUG - Replacing [FirstName] with Scotty
2024-12-26 08:46:17,571 - utils.logging_setup - DEBUG - Replacing [LastName] with Moran
2024-12-26 08:46:17,571 - utils.logging_setup - DEBUG - Replacing [ClubName] with Short Hills Club
2024-12-26 08:46:17,571 - utils.logging_setup - DEBUG - Replacing [DeadlineDate] with Oct 15th
2024-12-26 08:46:17,571 - utils.logging_setup - DEBUG - Replacing [Role] with General Manager
2024-12-26 08:46:17,571 - utils.logging_setup - DEBUG - Replacing [Task] with Staff Onboarding
2024-12-26 08:46:17,571 - utils.logging_setup - DEBUG - Replacing [Topic] with On-Course Ordering Platform
2024-12-26 08:46:17,571 - utils.logging_setup - DEBUG - Replacing [YourName] with Ty
2024-12-26 08:46:17,571 - utils.logging_setup - DEBUG - After replacement:
2024-12-26 08:46:17,571 - utils.logging_setup - DEBUG - Sending xAI request payload
2024-12-26 08:46:19,338 - utils.logging_setup - DEBUG - xAI response received
2024-12-26 08:46:19,340 - utils.logging_setup - DEBUG - Sending xAI request payload
2024-12-26 08:46:23,657 - utils.logging_setup - DEBUG - xAI response received
2024-12-26 08:46:23,659 - utils.logging_setup - DEBUG - Completed xAI personalization rewrite
2024-12-26 08:46:23,660 - utils.logging_setup - DEBUG - Before final placeholders after xAI
2024-12-26 08:46:23,660 - utils.logging_setup - DEBUG - Final content after xAI
2024-12-26 08:46:24,272 - utils.logging_setup - DEBUG - Found inbound snippet from lead_data['emails']: Yes, how is 2 PM

[cid:image001.png@01D7D166.233BF...
2024-12-26 08:46:24,273 - utils.logging_setup - DEBUG - Preparing to create draft. Sender=me, To=smoran@shorthillsclub.org, Subject=Modernizing Operations at Short Hills Club
2024-12-26 08:46:24,274 - utils.logging_setup - DEBUG - Building MIMEText email: to=smoran@shorthillsclub.org, subject=Modernizing Operations at Short Hills Club
2024-12-26 08:46:24,276 - utils.logging_setup - DEBUG - Message built successfully for smoran@shorthillsclub.org
2024-12-26 08:46:24,748 - utils.logging_setup - INFO - Draft created successfully for 'smoran@shorthillsclub.org' – ID=r-2418380726045112738
2024-12-26 08:46:24,749 - utils.logging_setup - DEBUG - Gmail draft created: r-2418380726045112738
2024-12-26 08:47:00,295 - utils.logging_setup - INFO - Successfully loaded golf season data
2024-12-26 08:47:00,295 - utils.logging_setup - DEBUG - Debug mode enabled in main workflow
2024-12-26 08:47:01,589 - utils.logging_setup - DEBUG - Fetching lead data for 'smoran@shorthillsclub.org'...
2024-12-26 08:47:04,520 - utils.logging_setup - DEBUG - Sending xAI request payload
2024-12-26 08:47:05,279 - utils.logging_setup - DEBUG - xAI response received
2024-12-26 08:47:05,279 - utils.logging_setup - INFO - Market research completed successfully
2024-12-26 08:47:06,147 - utils.logging_setup - INFO - Successfully retrieved interaction history
2024-12-26 08:47:06,147 - utils.logging_setup - WARNING - No city or state provided for season lookup
2024-12-26 08:47:06,149 - utils.logging_setup - INFO - Lead context saved at: C:\Python\GIT\sales-assistant\test_data\lead_contexts\lead_context_smoran_shorthillsclub_org_20241226_084706.json
2024-12-26 08:47:06,150 - utils.logging_setup - INFO - Data gathered successfully
2024-12-26 08:47:06,150 - utils.logging_setup - DEBUG - Attempting to save lead data to SQL database...
2024-12-26 08:47:06,150 - utils.logging_setup - DEBUG - Connecting to SQL Server: SERVER=TY\SQLEXPRESS, DATABASE=SwoopSchedules, UID=admin, PWD=admin
2024-12-26 08:47:06,182 - utils.logging_setup - DEBUG - SQL connection established successfully.
2024-12-26 08:47:06,182 - utils.logging_setup - DEBUG - Upserting lead with email=smoran@shorthillsclub.org
2024-12-26 08:47:06,182 - utils.logging_setup - DEBUG - Lead with email=smoran@shorthillsclub.org not found; inserting new record.
2024-12-26 08:47:06,192 - utils.logging_setup - DEBUG - No matching company; inserting new row for name=Short Hills Club.
2024-12-26 08:47:06,194 - utils.logging_setup - DEBUG - Updating lead_id=19 to reference company_id=12.
2024-12-26 08:47:06,196 - utils.logging_setup - DEBUG - No lead_properties row found; inserting new one for lead_id=19.
2024-12-26 08:47:06,198 - utils.logging_setup - DEBUG - No company_properties row found; inserting new one for company_id=12.
2024-12-26 08:47:06,199 - utils.logging_setup - INFO - Successfully upserted lead + company info for email='smoran@shorthillsclub.org'.
2024-12-26 08:47:06,199 - utils.logging_setup - INFO - Successfully saved lead data to SQL database
2024-12-26 08:47:06,200 - utils.logging_setup - DEBUG - Lead data retrieved:
2024-12-26 08:47:06,200 - utils.logging_setup - DEBUG - Placeholders built
2024-12-26 08:47:06,200 - utils.logging_setup - DEBUG - Fetching club info/news for 'Short Hills Club'
2024-12-26 08:47:06,200 - utils.logging_setup - DEBUG - Sending xAI request payload
2024-12-26 08:47:08,011 - utils.logging_setup - DEBUG - xAI response received
2024-12-26 08:47:08,012 - utils.logging_setup - DEBUG - Sending xAI request payload
2024-12-26 08:47:08,933 - utils.logging_setup - DEBUG - xAI response received
2024-12-26 08:47:08,934 - utils.logging_setup - DEBUG - Attempting to load markdown template: templates/fallback.md
2024-12-26 08:47:08,934 - utils.logging_setup - INFO - Successfully read document: C:\Python\GIT\sales-assistant\docs\templates\fallback.md
2024-12-26 08:47:08,935 - utils.logging_setup - DEBUG - Markdown template loaded successfully.
2024-12-26 08:47:08,935 - utils.logging_setup - DEBUG - Loaded email template
2024-12-26 08:47:08,935 - utils.logging_setup - DEBUG - After initial replacement (pre-xAI)
2024-12-26 08:47:08,935 - utils.logging_setup - DEBUG - Original text:
2024-12-26 08:47:08,935 - utils.logging_setup - DEBUG - Replacing [FirstName] with Scotty
2024-12-26 08:47:08,935 - utils.logging_setup - DEBUG - Replacing [LastName] with Moran
2024-12-26 08:47:08,935 - utils.logging_setup - DEBUG - Replacing [ClubName] with Short Hills Club
2024-12-26 08:47:08,935 - utils.logging_setup - DEBUG - Replacing [DeadlineDate] with Oct 15th
2024-12-26 08:47:08,935 - utils.logging_setup - DEBUG - Replacing [Role] with General Manager
2024-12-26 08:47:08,935 - utils.logging_setup - DEBUG - Replacing [Task] with Staff Onboarding
2024-12-26 08:47:08,935 - utils.logging_setup - DEBUG - Replacing [Topic] with On-Course Ordering Platform
2024-12-26 08:47:08,935 - utils.logging_setup - DEBUG - Replacing [YourName] with Ty
2024-12-26 08:47:08,935 - utils.logging_setup - DEBUG - After replacement:
2024-12-26 08:47:08,935 - utils.logging_setup - DEBUG - Sending xAI request payload
2024-12-26 08:47:10,163 - utils.logging_setup - DEBUG - xAI response received
2024-12-26 08:47:10,165 - utils.logging_setup - DEBUG - Sending xAI request payload
2024-12-26 08:47:13,689 - utils.logging_setup - DEBUG - xAI response received
2024-12-26 08:47:13,692 - utils.logging_setup - DEBUG - Completed xAI personalization rewrite
2024-12-26 08:47:13,692 - utils.logging_setup - DEBUG - Before final placeholders after xAI
2024-12-26 08:47:13,692 - utils.logging_setup - DEBUG - Final content after xAI
2024-12-26 08:47:14,206 - utils.logging_setup - DEBUG - Found inbound snippet from lead_data['emails']: Yes, how is 2 PM

[cid:image001.png@01D7D166.233BF...
2024-12-26 08:47:14,207 - utils.logging_setup - DEBUG - Preparing to create draft. Sender=me, To=smoran@shorthillsclub.org, Subject=Modernizing Operations at Short Hills Club
2024-12-26 08:47:14,210 - utils.logging_setup - DEBUG - Building MIMEText email: to=smoran@shorthillsclub.org, subject=Modernizing Operations at Short Hills Club
2024-12-26 08:47:14,214 - utils.logging_setup - DEBUG - Message built successfully for smoran@shorthillsclub.org
2024-12-26 08:47:14,873 - utils.logging_setup - INFO - Draft created successfully for 'smoran@shorthillsclub.org' – ID=r-7436397711727097267
2024-12-26 08:47:14,874 - utils.logging_setup - DEBUG - Gmail draft created: r-7436397711727097267
